06/08/2018 16:32:24 [INFO] generic_utils: init logging file [misc.log]
06/08/2018 17:18:21 [INFO] generic_utils: init logging file [misc.log]
06/08/2018 17:19:19 [INFO] generic_utils: init logging file [misc.log]
06/08/2018 17:22:41 [INFO] generic_utils: init logging file [misc.log]
06/08/2018 17:24:47 [INFO] generic_utils: init logging file [misc.log]
06/08/2018 17:25:04 [INFO] generic_utils: init logging file [misc.log]
06/08/2018 17:25:37 [INFO] generic_utils: init logging file [misc.log]
06/08/2018 17:27:06 [INFO] generic_utils: init logging file [misc.log]
06/08/2018 19:14:39 [INFO] generic_utils: init logging file [misc.log]
06/08/2018 19:14:55 [INFO] generic_utils: init logging file [misc.log]
06/11/2018 15:02:00 [INFO] generic_utils: init logging file [misc.log]
06/11/2018 15:04:16 [INFO] generic_utils: init logging file [misc.log]
06/11/2018 15:06:53 [INFO] generic_utils: init logging file [misc.log]
06/11/2018 15:07:08 [INFO] generic_utils: init logging file [misc.log]
06/11/2018 15:21:15 [INFO] generic_utils: init logging file [misc.log]
06/11/2018 15:25:06 [INFO] generic_utils: init logging file [misc.log]
06/11/2018 15:36:33 [INFO] generic_utils: init logging file [misc.log]
06/11/2018 15:36:57 [INFO] generic_utils: init logging file [misc.log]
06/11/2018 15:48:23 [INFO] generic_utils: init logging file [misc.log]
06/11/2018 15:48:38 [INFO] generic_utils: init logging file [misc.log]
06/11/2018 15:48:58 [INFO] generic_utils: init logging file [misc.log]
06/11/2018 15:49:12 [INFO] generic_utils: init logging file [misc.log]
06/11/2018 15:49:25 [INFO] generic_utils: init logging file [misc.log]
06/11/2018 15:49:59 [INFO] generic_utils: init logging file [misc.log]
06/11/2018 15:50:21 [INFO] generic_utils: init logging file [misc.log]
06/11/2018 15:50:35 [INFO] generic_utils: init logging file [misc.log]
06/11/2018 15:50:48 [INFO] generic_utils: init logging file [misc.log]
06/11/2018 15:51:04 [INFO] generic_utils: init logging file [misc.log]
06/11/2018 15:51:28 [INFO] generic_utils: init logging file [misc.log]
06/11/2018 15:52:01 [INFO] generic_utils: init logging file [misc.log]
06/11/2018 15:53:50 [INFO] generic_utils: init logging file [misc.log]
06/11/2018 15:54:04 [INFO] generic_utils: init logging file [misc.log]
06/11/2018 15:54:22 [INFO] generic_utils: init logging file [misc.log]
06/11/2018 15:55:16 [INFO] generic_utils: init logging file [misc.log]
06/11/2018 15:55:40 [INFO] generic_utils: init logging file [misc.log]
06/11/2018 16:04:38 [INFO] generic_utils: init logging file [misc.log]
06/11/2018 16:09:12 [INFO] generic_utils: init logging file [misc.log]
06/11/2018 16:10:20 [INFO] generic_utils: init logging file [misc.log]
06/11/2018 16:11:00 [INFO] generic_utils: init logging file [misc.log]
06/11/2018 16:13:04 [INFO] generic_utils: init logging file [misc.log]
06/11/2018 16:23:06 [INFO] generic_utils: init logging file [misc.log]
06/11/2018 16:23:46 [INFO] generic_utils: init logging file [misc.log]
06/11/2018 16:24:29 [INFO] generic_utils: init logging file [misc.log]
06/11/2018 16:25:15 [INFO] generic_utils: init logging file [misc.log]
06/11/2018 17:09:01 [INFO] generic_utils: init logging file [misc.log]
06/11/2018 17:09:16 [INFO] generic_utils: init logging file [misc.log]
06/11/2018 17:19:01 [INFO] generic_utils: init logging file [misc.log]
06/11/2018 17:19:23 [INFO] generic_utils: init logging file [misc.log]
06/11/2018 17:19:38 [INFO] generic_utils: init logging file [misc.log]
06/12/2018 03:47:03 [INFO] generic_utils: init logging file [misc.log]
06/12/2018 03:47:55 [INFO] generic_utils: init logging file [misc.log]
06/12/2018 03:57:48 [INFO] generic_utils: init logging file [misc.log]
06/12/2018 03:58:16 [INFO] generic_utils: init logging file [misc.log]
06/12/2018 03:58:43 [INFO] generic_utils: init logging file [misc.log]
06/12/2018 03:59:01 [INFO] generic_utils: init logging file [misc.log]
06/12/2018 03:59:18 [INFO] generic_utils: init logging file [misc.log]
06/12/2018 04:02:15 [INFO] generic_utils: init logging file [misc.log]
06/12/2018 04:27:30 [INFO] generic_utils: init logging file [misc.log]
06/12/2018 04:27:50 [INFO] generic_utils: init logging file [misc.log]
06/12/2018 04:29:26 [INFO] generic_utils: init logging file [misc.log]
06/12/2018 04:32:55 [INFO] generic_utils: init logging file [misc.log]
06/12/2018 04:34:07 [INFO] generic_utils: init logging file [misc.log]
06/12/2018 04:36:02 [INFO] generic_utils: init logging file [misc.log]
06/12/2018 04:36:37 [INFO] generic_utils: init logging file [misc.log]
06/12/2018 04:39:43 [INFO] generic_utils: init logging file [misc.log]
06/12/2018 04:43:41 [INFO] generic_utils: init logging file [misc.log]
06/12/2018 04:48:00 [INFO] generic_utils: init logging file [misc.log]
06/12/2018 04:48:37 [INFO] generic_utils: init logging file [misc.log]
06/12/2018 04:49:08 [INFO] generic_utils: init logging file [misc.log]
06/12/2018 04:49:59 [INFO] generic_utils: init logging file [misc.log]
06/12/2018 04:51:06 [INFO] generic_utils: init logging file [misc.log]
06/12/2018 04:52:26 [INFO] generic_utils: init logging file [misc.log]
06/12/2018 04:53:29 [INFO] generic_utils: init logging file [misc.log]
06/12/2018 04:56:11 [INFO] generic_utils: init logging file [misc.log]
06/12/2018 05:10:30 [INFO] generic_utils: init logging file [misc.log]
06/12/2018 05:10:55 [INFO] generic_utils: init logging file [misc.log]
06/12/2018 05:11:05 [INFO] generic_utils: init logging file [misc.log]
06/12/2018 05:13:20 [INFO] generic_utils: init logging file [misc.log]
06/12/2018 05:14:20 [INFO] generic_utils: init logging file [misc.log]
06/12/2018 05:15:00 [INFO] generic_utils: init logging file [misc.log]
06/12/2018 05:15:34 [INFO] generic_utils: init logging file [misc.log]
06/12/2018 05:16:32 [INFO] generic_utils: init logging file [misc.log]
06/12/2018 05:17:30 [INFO] generic_utils: init logging file [misc.log]
06/12/2018 05:18:27 [INFO] generic_utils: init logging file [misc.log]
06/12/2018 05:18:53 [INFO] generic_utils: init logging file [misc.log]
06/12/2018 05:19:38 [INFO] generic_utils: init logging file [misc.log]
06/12/2018 10:06:57 [INFO] generic_utils: init logging file [misc.log]
06/12/2018 10:07:36 [INFO] generic_utils: init logging file [misc.log]
06/12/2018 10:09:12 [INFO] generic_utils: init logging file [misc.log]
06/12/2018 10:09:59 [INFO] generic_utils: init logging file [misc.log]
06/12/2018 10:10:29 [INFO] generic_utils: init logging file [misc.log]
06/12/2018 10:11:20 [INFO] generic_utils: init logging file [misc.log]
06/12/2018 10:13:10 [INFO] generic_utils: init logging file [misc.log]
06/12/2018 10:13:41 [INFO] generic_utils: init logging file [misc.log]
06/12/2018 10:55:20 [INFO] generic_utils: init logging file [misc.log]
06/12/2018 11:22:32 [INFO] generic_utils: init logging file [misc.log]
06/12/2018 11:22:55 [INFO] generic_utils: init logging file [misc.log]
06/12/2018 11:35:23 [INFO] generic_utils: init logging file [misc.log]
06/12/2018 11:35:42 [INFO] generic_utils: init logging file [misc.log]
06/12/2018 11:36:30 [INFO] generic_utils: init logging file [misc.log]
06/12/2018 11:36:51 [INFO] generic_utils: init logging file [misc.log]
06/12/2018 11:37:09 [INFO] generic_utils: init logging file [misc.log]
06/12/2018 11:40:17 [INFO] generic_utils: init logging file [misc.log]
06/12/2018 11:41:45 [INFO] generic_utils: init logging file [misc.log]
06/12/2018 11:43:03 [INFO] generic_utils: init logging file [misc.log]
06/12/2018 11:44:07 [INFO] generic_utils: init logging file [misc.log]
06/12/2018 11:47:43 [INFO] generic_utils: init logging file [misc.log]
06/12/2018 11:50:20 [INFO] generic_utils: init logging file [misc.log]
06/12/2018 11:52:30 [INFO] generic_utils: init logging file [misc.log]
06/12/2018 11:59:37 [INFO] generic_utils: init logging file [misc.log]
06/12/2018 12:00:22 [INFO] generic_utils: init logging file [misc.log]
06/12/2018 12:00:28 [INFO] generic_utils: init logging file [misc.log]
06/12/2018 12:00:41 [INFO] generic_utils: init logging file [misc.log]
06/12/2018 12:00:47 [INFO] generic_utils: init logging file [misc.log]
06/12/2018 12:01:04 [INFO] generic_utils: init logging file [misc.log]
06/12/2018 12:01:10 [INFO] generic_utils: init logging file [misc.log]
06/12/2018 14:05:25 [INFO] generic_utils: init logging file [misc.log]
06/12/2018 14:05:37 [INFO] generic_utils: init logging file [misc.log]
06/12/2018 14:07:06 [INFO] generic_utils: init logging file [misc.log]
06/12/2018 14:07:18 [INFO] generic_utils: init logging file [misc.log]
06/12/2018 14:09:44 [INFO] generic_utils: init logging file [misc.log]
06/15/2018 16:30:57 [INFO] generic_utils: init logging file [misc.log]
06/15/2018 16:31:10 [INFO] generic_utils: init logging file [misc.log]
06/15/2018 16:35:00 [INFO] generic_utils: init logging file [misc.log]
06/18/2018 11:28:22 [INFO] generic_utils: init logging file [misc.log]
06/18/2018 11:28:30 [INFO] generic_utils: init logging file [misc.log]
06/18/2018 11:28:46 [INFO] generic_utils: init logging file [misc.log]
06/18/2018 11:29:22 [INFO] generic_utils: init logging file [misc.log]
06/18/2018 11:30:40 [INFO] generic_utils: init logging file [misc.log]
06/18/2018 11:30:48 [INFO] generic_utils: init logging file [misc.log]
06/18/2018 11:32:51 [INFO] generic_utils: init logging file [misc.log]
06/18/2018 11:33:18 [INFO] generic_utils: init logging file [misc.log]
06/18/2018 11:34:28 [INFO] generic_utils: init logging file [misc.log]
06/18/2018 11:34:36 [INFO] generic_utils: init logging file [misc.log]
06/18/2018 11:35:29 [INFO] generic_utils: init logging file [misc.log]
06/18/2018 11:35:58 [INFO] generic_utils: init logging file [misc.log]
06/18/2018 11:37:51 [INFO] generic_utils: init logging file [misc.log]
06/18/2018 11:40:33 [INFO] generic_utils: init logging file [misc.log]
06/18/2018 11:40:46 [INFO] generic_utils: init logging file [misc.log]
06/19/2018 16:36:57 [INFO] generic_utils: init logging file [misc.log]
06/19/2018 16:36:57 [INFO] grammar: num. rules: 38
06/19/2018 16:36:57 [INFO] grammar: num. types: 46
06/19/2018 16:36:57 [INFO] grammar: root: (root)
06/19/2018 16:36:57 [INFO] grammar: terminals: (IDENT), (FROM), (STRING), (*), (DELIM), (AS), (SELECT), (WHERE), (empty), (LIKE)
06/19/2018 16:36:57 [INFO] sql_parse: num. rules: 38
06/21/2018 20:01:06 [INFO] generic_utils: init logging file [misc.log]
06/21/2018 20:01:16 [INFO] generic_utils: init logging file [misc.log]
06/21/2018 20:01:33 [INFO] generic_utils: init logging file [misc.log]
06/21/2018 20:01:47 [INFO] generic_utils: init logging file [misc.log]
06/21/2018 20:01:57 [INFO] generic_utils: init logging file [misc.log]
06/21/2018 20:02:07 [INFO] generic_utils: init logging file [misc.log]
06/21/2018 20:02:14 [INFO] generic_utils: init logging file [misc.log]
06/21/2018 20:02:22 [INFO] generic_utils: init logging file [misc.log]
06/21/2018 20:02:30 [INFO] generic_utils: init logging file [misc.log]
06/21/2018 20:02:36 [INFO] generic_utils: init logging file [misc.log]
06/21/2018 20:02:36 [INFO] grammar: num. rules: 39
06/21/2018 20:02:36 [INFO] grammar: num. types: 45
06/21/2018 20:02:36 [INFO] grammar: root: (root)
06/21/2018 20:02:36 [INFO] grammar: terminals: (IDENT), (FROM), (DELIM), (NUMBER), (LIMIT), (SELECT), (empty)
06/21/2018 20:02:36 [INFO] sql_parse: num. rules: 39
06/21/2018 20:02:49 [INFO] generic_utils: init logging file [misc.log]
06/21/2018 20:03:03 [INFO] generic_utils: init logging file [misc.log]
06/21/2018 20:03:03 [INFO] grammar: num. rules: 36
06/21/2018 20:03:03 [INFO] grammar: num. types: 40
06/21/2018 20:03:03 [INFO] grammar: root: (root)
06/21/2018 20:03:03 [INFO] grammar: terminals: (FROM), (IDENT), (DELIM), (empty), (SELECT)
06/21/2018 20:03:03 [INFO] sql_parse: num. rules: 36
06/21/2018 20:03:22 [INFO] generic_utils: init logging file [misc.log]
06/21/2018 20:03:22 [INFO] grammar: num. rules: 36
06/21/2018 20:03:22 [INFO] grammar: num. types: 40
06/21/2018 20:03:22 [INFO] grammar: root: (root)
06/21/2018 20:03:22 [INFO] grammar: terminals: (FROM), (IDENT), (DELIM), (empty), (SELECT)
06/21/2018 20:03:22 [INFO] sql_parse: num. rules: 36
06/21/2018 20:03:33 [INFO] generic_utils: init logging file [misc.log]
06/21/2018 20:03:41 [INFO] generic_utils: init logging file [misc.log]
06/21/2018 20:03:49 [INFO] generic_utils: init logging file [misc.log]
06/21/2018 20:03:49 [INFO] grammar: num. rules: 36
06/21/2018 20:03:49 [INFO] grammar: num. types: 40
06/21/2018 20:03:49 [INFO] grammar: root: (root)
06/21/2018 20:03:49 [INFO] grammar: terminals: (FROM), (IDENT), (DELIM), (empty), (SELECT)
06/21/2018 20:03:49 [INFO] sql_parse: num. rules: 36
06/21/2018 20:03:55 [INFO] generic_utils: init logging file [misc.log]
06/21/2018 20:04:12 [INFO] generic_utils: init logging file [misc.log]
06/21/2018 20:04:19 [INFO] generic_utils: init logging file [misc.log]
06/21/2018 20:04:19 [INFO] grammar: num. rules: 36
06/21/2018 20:04:19 [INFO] grammar: num. types: 40
06/21/2018 20:04:19 [INFO] grammar: root: (root)
06/21/2018 20:04:19 [INFO] grammar: terminals: (FROM), (IDENT), (DELIM), (empty), (SELECT)
06/21/2018 20:04:19 [INFO] sql_parse: num. rules: 36
06/21/2018 20:05:29 [INFO] generic_utils: init logging file [misc.log]
06/21/2018 20:07:53 [INFO] generic_utils: init logging file [misc.log]
06/21/2018 20:07:53 [INFO] grammar: num. rules: 47
06/21/2018 20:07:53 [INFO] grammar: num. types: 55
06/21/2018 20:07:53 [INFO] grammar: root: (root)
06/21/2018 20:07:53 [INFO] grammar: terminals: (), (IDENT), (FROM), (STRING), (DELIM), (NUMBER), (BY), (LIMIT), (empty), (ORDER), (SELECT)
06/21/2018 20:07:53 [INFO] sql_parse: num. rules: 47
06/21/2018 20:08:30 [INFO] generic_utils: init logging file [misc.log]
06/21/2018 20:08:36 [INFO] generic_utils: init logging file [misc.log]
06/21/2018 20:08:36 [INFO] grammar: num. rules: 46
06/21/2018 20:08:36 [INFO] grammar: num. types: 55
06/21/2018 20:08:36 [INFO] grammar: root: (root)
06/21/2018 20:08:36 [INFO] grammar: terminals: (IDENT), (FROM), (STRING), (DELIM), (NUMBER), (BY), (ASC), (LIMIT), (empty), (ORDER), (SELECT)
06/21/2018 20:08:36 [INFO] sql_parse: num. rules: 46
06/21/2018 20:11:40 [INFO] generic_utils: init logging file [misc.log]
06/21/2018 20:11:40 [INFO] grammar: num. rules: 49
06/21/2018 20:11:40 [INFO] grammar: num. types: 58
06/21/2018 20:11:40 [INFO] grammar: root: (root)
06/21/2018 20:11:40 [INFO] grammar: terminals: (IDENT), (FROM), (STRING), (DELIM), (NUMBER), (BY), (LIMIT), (empty), (WHERE), (ORDER), (SELECT), (LIKE)
06/21/2018 20:11:40 [INFO] sql_parse: num. rules: 49
06/21/2018 20:44:31 [INFO] generic_utils: init logging file [misc.log]
06/21/2018 20:44:38 [INFO] generic_utils: init logging file [misc.log]
06/21/2018 20:44:38 [INFO] grammar: num. rules: 40
06/21/2018 20:44:38 [INFO] grammar: num. types: 47
06/21/2018 20:44:38 [INFO] grammar: root: (root)
06/21/2018 20:44:38 [INFO] grammar: terminals: (IDENT), (FROM), (STRING), ()), ((), (*), (DELIM), (WHERE), (SELECT), (EQ), (OR), (empty)
06/21/2018 20:44:38 [INFO] sql_parse: num. rules: 40
06/21/2018 21:08:17 [INFO] generic_utils: init logging file [misc.log]
06/21/2018 21:08:17 [INFO] grammar: num. rules: 40
06/21/2018 21:08:17 [INFO] grammar: num. types: 47
06/21/2018 21:08:17 [INFO] grammar: root: (root)
06/21/2018 21:08:17 [INFO] grammar: terminals: (IDENT), (FROM), (STRING), ()), ((), (*), (DELIM), (WHERE), (SELECT), (EQ), (OR), (empty)
06/21/2018 21:08:17 [INFO] sql_parse: num. rules: 40
06/22/2018 14:06:56 [INFO] generic_utils: init logging file [misc.log]
06/22/2018 14:06:56 [INFO] grammar: num. rules: 36
06/22/2018 14:06:56 [INFO] grammar: num. types: 40
06/22/2018 14:06:56 [INFO] grammar: root: (root)
06/22/2018 14:06:56 [INFO] grammar: terminals: (FROM), (IDENT), (DELIM), (empty), (SELECT)
06/22/2018 14:06:56 [INFO] sql_parse: num. rules: 36
06/22/2018 15:28:44 [INFO] generic_utils: init logging file [misc.log]
06/22/2018 15:28:44 [INFO] grammar: num. rules: 43
06/22/2018 15:28:44 [INFO] grammar: num. types: 49
06/22/2018 15:28:44 [INFO] grammar: root: (root)
06/22/2018 15:28:44 [INFO] grammar: terminals: (IDENT), (FROM), (STRING), ()), ((), (DELIM), (WHERE), (SELECT), (EQ), (OR), (empty)
06/22/2018 15:28:44 [INFO] sql_parse: num. rules: 43
06/22/2018 15:29:50 [INFO] generic_utils: init logging file [misc.log]
06/22/2018 15:29:50 [INFO] grammar: num. rules: 43
06/22/2018 15:29:50 [INFO] grammar: num. types: 49
06/22/2018 15:29:50 [INFO] grammar: root: (root)
06/22/2018 15:29:50 [INFO] grammar: terminals: (IDENT), (FROM), (STRING), ()), ((), (DELIM), (WHERE), (SELECT), (EQ), (OR), (empty)
06/22/2018 15:29:50 [INFO] sql_parse: num. rules: 43
06/22/2018 15:30:04 [INFO] generic_utils: init logging file [misc.log]
06/22/2018 15:30:14 [INFO] generic_utils: init logging file [misc.log]
06/22/2018 15:30:14 [INFO] grammar: num. rules: 43
06/22/2018 15:30:14 [INFO] grammar: num. types: 49
06/22/2018 15:30:14 [INFO] grammar: root: (root)
06/22/2018 15:30:14 [INFO] grammar: terminals: (IDENT), (FROM), (STRING), ()), ((), (DELIM), (WHERE), (SELECT), (EQ), (OR), (empty)
06/22/2018 15:30:14 [INFO] sql_parse: num. rules: 43
06/22/2018 15:30:21 [INFO] generic_utils: init logging file [misc.log]
06/22/2018 15:32:10 [INFO] generic_utils: init logging file [misc.log]
06/22/2018 15:32:42 [INFO] generic_utils: init logging file [misc.log]
06/22/2018 15:33:20 [INFO] generic_utils: init logging file [misc.log]
06/22/2018 15:33:40 [INFO] generic_utils: init logging file [misc.log]
06/22/2018 15:46:03 [INFO] generic_utils: init logging file [misc.log]
06/22/2018 15:47:39 [INFO] generic_utils: init logging file [misc.log]
06/22/2018 15:48:40 [INFO] generic_utils: init logging file [misc.log]
06/22/2018 15:56:07 [INFO] generic_utils: init logging file [misc.log]
06/22/2018 15:56:14 [INFO] generic_utils: init logging file [misc.log]
06/22/2018 15:56:14 [INFO] grammar: num. rules: 43
06/22/2018 15:56:14 [INFO] grammar: num. types: 49
06/22/2018 15:56:14 [INFO] grammar: root: (root)
06/22/2018 15:56:14 [INFO] grammar: terminals: (IDENT), (FROM), (STRING), ()), ((), (DELIM), (WHERE), (SELECT), (EQ), (OR), (empty)
06/22/2018 15:56:14 [INFO] sql_parse: num. rules: 43
06/22/2018 15:56:30 [INFO] generic_utils: init logging file [misc.log]
06/22/2018 15:56:30 [INFO] grammar: num. rules: 43
06/22/2018 15:56:30 [INFO] grammar: num. types: 49
06/22/2018 15:56:30 [INFO] grammar: root: (root)
06/22/2018 15:56:30 [INFO] grammar: terminals: (IDENT), (FROM), (STRING), ()), ((), (DELIM), (WHERE), (SELECT), (EQ), (OR), (empty)
06/22/2018 15:56:30 [INFO] sql_parse: num. rules: 43
06/22/2018 15:56:37 [INFO] generic_utils: init logging file [misc.log]
06/22/2018 15:56:37 [INFO] grammar: num. rules: 43
06/22/2018 15:56:37 [INFO] grammar: num. types: 49
06/22/2018 15:56:37 [INFO] grammar: root: (root)
06/22/2018 15:56:37 [INFO] grammar: terminals: (IDENT), (FROM), (STRING), ()), ((), (DELIM), (WHERE), (SELECT), (EQ), (OR), (empty)
06/22/2018 15:56:37 [INFO] sql_parse: num. rules: 43
06/22/2018 15:56:51 [INFO] generic_utils: init logging file [misc.log]
06/26/2018 09:39:44 [INFO] generic_utils: init logging file [misc.log]
06/26/2018 09:39:56 [INFO] generic_utils: init logging file [misc.log]
06/26/2018 09:39:56 [INFO] grammar: num. rules: 43
06/26/2018 09:39:56 [INFO] grammar: num. types: 49
06/26/2018 09:39:56 [INFO] grammar: root: (root)
06/26/2018 09:39:56 [INFO] grammar: terminals: (IDENT), (FROM), (STRING), ()), ((), (DELIM), (WHERE), (SELECT), (EQ), (OR), (empty)
06/26/2018 09:39:56 [INFO] sql_parse: num. rules: 43
